2022-10-27 15:54:24.433 GMT [2656] LOG:  database system was shut down at 2022-10-27 15:54:22 GMT
2022-10-27 15:55:55.295 GMT [15956] FATAL:  password authentication failed for user "arsla"
2022-10-27 15:55:55.295 GMT [15956] DETAIL:  Role "arsla" does not exist.
	Connection matched pg_hba.conf line 90: "host    all             all             ::1/128                 scram-sha-256"
2022-10-27 15:55:56.588 GMT [9764] FATAL:  password authentication failed for user "arsla"
2022-10-27 15:55:56.588 GMT [9764] DETAIL:  Role "arsla" does not exist.
	Connection matched pg_hba.conf line 90: "host    all             all             ::1/128                 scram-sha-256"
2022-10-27 15:55:58.355 GMT [5204] FATAL:  password authentication failed for user "arsla"
2022-10-27 15:55:58.355 GMT [5204] DETAIL:  Role "arsla" does not exist.
	Connection matched pg_hba.conf line 90: "host    all             all             ::1/128                 scram-sha-256"
2022-10-27 15:56:00.693 GMT [3892] FATAL:  password authentication failed for user "arsla"
2022-10-27 15:56:00.693 GMT [3892] DETAIL:  Role "arsla" does not exist.
	Connection matched pg_hba.conf line 90: "host    all             all             ::1/128                 scram-sha-256"
2022-10-27 15:56:57.847 GMT [8540] FATAL:  password authentication failed for user "arsla"
2022-10-27 15:56:57.847 GMT [8540] DETAIL:  Role "arsla" does not exist.
	Connection matched pg_hba.conf line 90: "host    all             all             ::1/128                 scram-sha-256"
2022-10-27 15:57:06.149 GMT [15344] FATAL:  password authentication failed for user "arsla"
2022-10-27 15:57:06.149 GMT [15344] DETAIL:  Role "arsla" does not exist.
	Connection matched pg_hba.conf line 90: "host    all             all             ::1/128                 scram-sha-256"
2022-10-27 15:57:55.431 GMT [15732] FATAL:  role "arsla" does not exist
2022-10-27 15:58:47.829 GMT [8424] LOG:  could not receive data from client: An existing connection was forcibly closed by the remote host.
	
2022-10-27 15:59:01.065 GMT [2764] LOG:  could not receive data from client: An existing connection was forcibly closed by the remote host.
	
2022-10-27 15:59:05.307 GMT [2956] FATAL:  role "arsla" does not exist
2022-10-27 15:59:24.428 GMT [10908] LOG:  checkpoint starting: time
2022-10-27 15:59:24.485 GMT [10908] LOG:  checkpoint complete: wrote 3 buffers (0.0%); 0 WAL file(s) added, 0 removed, 0 recycled; write=0.002 s, sync=0.003 s, total=0.057 s; sync files=2, longest=0.002 s, average=0.002 s; distance=0 kB, estimate=0 kB
2022-10-27 16:00:11.075 GMT [276] LOG:  could not receive data from client: An existing connection was forcibly closed by the remote host.
	
2022-10-27 16:00:56.961 GMT [24444] LOG:  could not receive data from client: An existing connection was forcibly closed by the remote host.
	
2022-10-27 16:01:10.824 GMT [23636] LOG:  could not receive data from client: An existing connection was forcibly closed by the remote host.
	
2022-10-27 16:09:35.321 GMT [24024] FATAL:  role "arsla" does not exist
2022-10-27 16:11:04.343 GMT [13796] FATAL:  database "test2" does not exist
2022-10-27 16:11:50.526 GMT [13572] FATAL:  database "CMD" does not exist
2022-10-27 16:12:31.856 GMT [23644] FATAL:  database "CMD" does not exist
2022-10-27 16:12:57.401 GMT [25408] FATAL:  database "CMD" does not exist
2022-10-27 16:13:53.706 GMT [24328] FATAL:  database "CMD" does not exist
2022-10-27 16:14:18.164 GMT [6096] ERROR:  syntax error at or near "CREATE" at character 23
2022-10-27 16:14:18.164 GMT [6096] STATEMENT:  CREATE DATABASE test2
	CREATE DATABASE CMD 
	CREATE DATABASE CMD WITH ENCODING 'UTF8' LC_COLLATE='English_United Kingdom' LC_CTYPE='English_United Kingdom'
	CREATE DATABASE CMD UTF8
	CREATE DATABASE CMD UTF8 LC_COLLATE='English_United Kingdom' LC_CTYPE='English_United Kingdom';
2022-10-27 16:14:31.421 GMT [17808] FATAL:  database "CMD" does not exist
2022-10-27 16:15:56.742 GMT [6096] LOG:  could not receive data from client: An existing connection was forcibly closed by the remote host.
	
2022-10-27 16:16:52.689 GMT [23204] LOG:  could not receive data from client: An existing connection was forcibly closed by the remote host.
	
2022-10-27 16:17:17.329 GMT [22192] FATAL:  database "myDatabase" does not exist
2022-10-27 16:17:31.518 GMT [23600] ERROR:  syntax error at or near "CREATE" at character 119
2022-10-27 16:17:31.518 GMT [23600] STATEMENT:  CREATE DATABASE myDatabase WITH ENCODING 'UTF8' LC_COLLATE='English_United Kingdom' LC_CTYPE='English_United Kingdom'
	CREATE DATABASE myDatabase WITH ENCODING 'UTF8' LC_COLLATE='English_United Kingdom' LC_CTYPE='English_United Kingdom';
2022-10-27 16:17:49.778 GMT [22728] FATAL:  database "myDatabase" does not exist
2022-10-27 16:28:26.022 GMT [16360] FATAL:  terminating connection due to administrator command
2022-10-27 16:28:40.402 GMT [23076] LOG:  could not receive data from client: An existing connection was forcibly closed by the remote host.
	
2022-10-27 16:28:51.913 GMT [21040] ERROR:  database "runoobdb" already exists
2022-10-27 16:28:51.913 GMT [21040] STATEMENT:  CREATE DATABASE runoobdb;
2022-10-27 16:29:24.537 GMT [10908] LOG:  checkpoint starting: time
2022-10-27 16:31:05.665 GMT [10908] LOG:  checkpoint complete: wrote 925 buffers (5.6%); 1 WAL file(s) added, 0 removed, 0 recycled; write=100.833 s, sync=0.203 s, total=101.128 s; sync files=249, longest=0.034 s, average=0.001 s; distance=4227 kB, estimate=4227 kB
2022-10-27 16:41:44.999 GMT [19916] FATAL:  terminating connection due to administrator command
2022-10-27 16:41:44.999 GMT [6816] FATAL:  terminating connection due to administrator command
2022-10-27 16:41:44.999 GMT [23600] FATAL:  terminating connection due to administrator command
2022-10-27 16:41:44.999 GMT [9896] FATAL:  terminating connection due to administrator command
2022-10-27 16:41:45.026 GMT [10908] LOG:  shutting down
2022-10-27 16:41:45.028 GMT [10908] LOG:  checkpoint starting: shutdown immediate
2022-10-27 16:41:45.035 GMT [10908] LOG:  checkpoint complete: wrote 0 buffers (0.0%); 0 WAL file(s) added, 0 removed, 0 recycled; write=0.001 s, sync=0.001 s, total=0.009 s; sync files=0, longest=0.000 s, average=0.000 s; distance=0 kB, estimate=3804 kB
